This file contains any messages produced by compilers while
running configure, to aid debugging if configure makes a mistake.

It was created by SickToolbox configure 1.0.1, which was
generated by GNU Autoconf 2.61.  Invocation command line was

  $ ./configure 

## --------- ##
## Platform. ##
## --------- ##

hostname = AnotheruterName.home
uname -m = x86_64
uname -r = 16.7.0
uname -s = Darwin
uname -v = Darwin Kernel Version 16.7.0: Thu Jun 15 17:36:27 PDT 2017; root:xnu-3789.70.16~2/RELEASE_X86_64

/usr/bin/uname -p = i386
/bin/uname -X     = unknown

/bin/arch              = unknown
/usr/bin/arch -k       = unknown
/usr/convex/getsysinfo = unknown
/usr/bin/hostinfo      = Mach kernel version:
	 Darwin Kernel Version 16.7.0: Thu Jun 15 17:36:27 PDT 2017; root:xnu-3789.70.16~2/RELEASE_X86_64
Kernel configured for up to 8 processors.
4 processors are physically available.
8 processors are logically available.
Processor type: x86_64h (Intel x86-64h Haswell)
Processors active: 0 1 2 3 4 5 6 7
Primary memory available: 16.00 gigabytes
Default processor set: 398 tasks, 1692 threads, 8 processors
Load average: 3.25, Mach factor: 4.74
/bin/machine           = unknown
/usr/bin/oslevel       = unknown
/bin/universe          = unknown

PATH: /usr/local/opt/libxslt/bin
PATH: /usr/local/bin
PATH: /usr/local/opt/opencv3/bin
PATH: /Users/Woz4tetra/rpi/arm-cs-tools/bin
PATH: /Users/Woz4tetra/.atom/packages/platformio-ide/penv/bin
PATH: /usr/bin
PATH: /usr/sbin
PATH: /bin
PATH: /sbin
PATH: /usr/local/bin


## ----------- ##
## Core tests. ##
## ----------- ##

configure:2069: checking for a BSD-compatible install
configure:2125: result: /usr/local/bin/ginstall -c
configure:2136: checking whether build environment is sane
configure:2179: result: yes
configure:2207: checking for a thread-safe mkdir -p
configure:2246: result: /usr/local/bin/gmkdir -p
configure:2259: checking for gawk
configure:2275: found /usr/local/bin/gawk
configure:2286: result: gawk
configure:2297: checking whether make sets $(MAKE)
configure:2318: result: yes
configure:2578: checking for g++
configure:2594: found /usr/bin/g++
configure:2605: result: g++
configure:2636: checking for C++ compiler version
configure:2643: g++ --version >&5
Configured with: --prefix=/Applications/Xcode.app/Contents/Developer/usr --with-gxx-include-dir=/usr/include/c++/4.2.1
Apple LLVM version 8.1.0 (clang-802.0.42)
Target: x86_64-apple-darwin16.7.0
Thread model: posix
InstalledDir: /Applications/Xcode.app/Contents/Developer/Toolchains/XcodeDefault.xctoolchain/usr/bin
configure:2646: $? = 0
configure:2653: g++ -v >&5
Configured with: --prefix=/Applications/Xcode.app/Contents/Developer/usr --with-gxx-include-dir=/usr/include/c++/4.2.1
Apple LLVM version 8.1.0 (clang-802.0.42)
Target: x86_64-apple-darwin16.7.0
Thread model: posix
InstalledDir: /Applications/Xcode.app/Contents/Developer/Toolchains/XcodeDefault.xctoolchain/usr/bin
configure:2656: $? = 0
configure:2663: g++ -V >&5
clang: error: argument to '-V' is missing (expected 1 value)
clang: error: no input files
configure:2666: $? = 1
configure:2689: checking for C++ compiler default output file name
configure:2716: g++    conftest.cpp  >&5
configure:2719: $? = 0
configure:2757: result: a.out
configure:2774: checking whether the C++ compiler works
configure:2784: ./a.out
configure:2787: $? = 0
configure:2804: result: yes
configure:2811: checking whether we are cross compiling
configure:2813: result: no
configure:2816: checking for suffix of executables
configure:2823: g++ -o conftest    conftest.cpp  >&5
configure:2826: $? = 0
configure:2850: result: 
configure:2856: checking for suffix of object files
configure:2882: g++ -c   conftest.cpp >&5
configure:2885: $? = 0
configure:2908: result: o
configure:2912: checking whether we are using the GNU C++ compiler
configure:2941: g++ -c   conftest.cpp >&5
configure:2947: $? = 0
configure:2964: result: yes
configure:2969: checking whether g++ accepts -g
configure:2999: g++ -c -g  conftest.cpp >&5
configure:3005: $? = 0
configure:3104: result: yes
configure:3138: checking for style of include used by make
configure:3166: result: GNU
configure:3191: checking dependency style of g++
configure:3282: result: gcc3
configure:3345: checking for gcc
configure:3361: found /usr/bin/gcc
configure:3372: result: gcc
configure:3610: checking for C compiler version
configure:3617: gcc --version >&5
Configured with: --prefix=/Applications/Xcode.app/Contents/Developer/usr --with-gxx-include-dir=/usr/include/c++/4.2.1
Apple LLVM version 8.1.0 (clang-802.0.42)
Target: x86_64-apple-darwin16.7.0
Thread model: posix
InstalledDir: /Applications/Xcode.app/Contents/Developer/Toolchains/XcodeDefault.xctoolchain/usr/bin
configure:3620: $? = 0
configure:3627: gcc -v >&5
Configured with: --prefix=/Applications/Xcode.app/Contents/Developer/usr --with-gxx-include-dir=/usr/include/c++/4.2.1
Apple LLVM version 8.1.0 (clang-802.0.42)
Target: x86_64-apple-darwin16.7.0
Thread model: posix
InstalledDir: /Applications/Xcode.app/Contents/Developer/Toolchains/XcodeDefault.xctoolchain/usr/bin
configure:3630: $? = 0
configure:3637: gcc -V >&5
clang: error: argument to '-V' is missing (expected 1 value)
clang: error: no input files
configure:3640: $? = 1
configure:3643: checking whether we are using the GNU C compiler
configure:3672: gcc -c   conftest.c >&5
configure:3678: $? = 0
configure:3695: result: yes
configure:3700: checking whether gcc accepts -g
configure:3730: gcc -c -g  conftest.c >&5
configure:3736: $? = 0
configure:3835: result: yes
configure:3852: checking for gcc option to accept ISO C89
configure:3926: gcc  -c -g -O2  conftest.c >&5
configure:3932: $? = 0
configure:3955: result: none needed
configure:3975: checking dependency style of gcc
configure:4066: result: gcc3
configure:4086: checking how to run the C preprocessor
configure:4126: gcc -E  conftest.c
configure:4132: $? = 0
configure:4163: gcc -E  conftest.c
conftest.c:10:10: fatal error: 'ac_nonexistent.h' file not found
#include <ac_nonexistent.h>
         ^
1 error generated.
configure:4169: $? = 1
configure: failed program was:
| /* confdefs.h.  */
| #define PACKAGE_NAME "SickToolbox"
| #define PACKAGE_TARNAME "sicktoolbox"
| #define PACKAGE_VERSION "1.0.1"
| #define PACKAGE_STRING "SickToolbox 1.0.1"
| #define PACKAGE_BUGREPORT "derenick@lehigh.edu"
| #define PACKAGE "sicktoolbox"
| #define VERSION "1.0.1"
| /* end confdefs.h.  */
| #include <ac_nonexistent.h>
configure:4202: result: gcc -E
configure:4231: gcc -E  conftest.c
configure:4237: $? = 0
configure:4268: gcc -E  conftest.c
conftest.c:10:10: fatal error: 'ac_nonexistent.h' file not found
#include <ac_nonexistent.h>
         ^
1 error generated.
configure:4274: $? = 1
configure: failed program was:
| /* confdefs.h.  */
| #define PACKAGE_NAME "SickToolbox"
| #define PACKAGE_TARNAME "sicktoolbox"
| #define PACKAGE_VERSION "1.0.1"
| #define PACKAGE_STRING "SickToolbox 1.0.1"
| #define PACKAGE_BUGREPORT "derenick@lehigh.edu"
| #define PACKAGE "sicktoolbox"
| #define VERSION "1.0.1"
| /* end confdefs.h.  */
| #include <ac_nonexistent.h>
configure:4324: checking for a BSD-compatible install
configure:4380: result: /usr/local/bin/ginstall -c
configure:4391: checking whether ln -s works
configure:4395: result: yes
configure:4402: checking whether make sets $(MAKE)
configure:4423: result: yes
configure:4510: checking build system type
configure:4528: result: i386-apple-darwin16.7.0
configure:4550: checking host system type
configure:4565: result: i386-apple-darwin16.7.0
configure:4587: checking for a sed that does not truncate output
configure:4641: result: /usr/local/bin/gsed
configure:4644: checking for grep that handles long lines and -e
configure:4718: result: /usr/bin/grep
configure:4723: checking for egrep
configure:4801: result: /usr/bin/grep -E
configure:4817: checking for ld used by gcc
configure:4884: result: /Applications/Xcode.app/Contents/Developer/Toolchains/XcodeDefault.xctoolchain/usr/bin/ld
configure:4893: checking if the linker (/Applications/Xcode.app/Contents/Developer/Toolchains/XcodeDefault.xctoolchain/usr/bin/ld) is GNU ld
configure:4908: result: no
configure:4913: checking for /Applications/Xcode.app/Contents/Developer/Toolchains/XcodeDefault.xctoolchain/usr/bin/ld option to reload object files
configure:4920: result: -r
configure:4938: checking for BSD-compatible nm
configure:4987: result: /usr/bin/nm -B
configure:4991: checking how to recognise dependent libraries
configure:5167: result: pass_all
configure:5397: checking for ANSI C header files
configure:5427: gcc -c -g -O2  conftest.c >&5
configure:5433: $? = 0
configure:5532: gcc -o conftest -g -O2   conftest.c  >&5
configure:5535: $? = 0
configure:5541: ./conftest
configure:5544: $? = 0
configure:5561: result: yes
configure:5585: checking for sys/types.h
configure:5606: gcc -c -g -O2  conftest.c >&5
configure:5612: $? = 0
configure:5628: result: yes
configure:5585: checking for sys/stat.h
configure:5606: gcc -c -g -O2  conftest.c >&5
configure:5612: $? = 0
configure:5628: result: yes
configure:5585: checking for stdlib.h
configure:5606: gcc -c -g -O2  conftest.c >&5
configure:5612: $? = 0
configure:5628: result: yes
configure:5585: checking for string.h
configure:5606: gcc -c -g -O2  conftest.c >&5
configure:5612: $? = 0
configure:5628: result: yes
configure:5585: checking for memory.h
configure:5606: gcc -c -g -O2  conftest.c >&5
configure:5612: $? = 0
configure:5628: result: yes
configure:5585: checking for strings.h
configure:5606: gcc -c -g -O2  conftest.c >&5
configure:5612: $? = 0
configure:5628: result: yes
configure:5585: checking for inttypes.h
configure:5606: gcc -c -g -O2  conftest.c >&5
configure:5612: $? = 0
configure:5628: result: yes
configure:5585: checking for stdint.h
configure:5606: gcc -c -g -O2  conftest.c >&5
configure:5612: $? = 0
configure:5628: result: yes
configure:5585: checking for unistd.h
configure:5606: gcc -c -g -O2  conftest.c >&5
configure:5612: $? = 0
configure:5628: result: yes
configure:5655: checking dlfcn.h usability
configure:5672: gcc -c -g -O2  conftest.c >&5
configure:5678: $? = 0
configure:5692: result: yes
configure:5696: checking dlfcn.h presence
configure:5711: gcc -E  conftest.c
configure:5717: $? = 0
configure:5731: result: yes
configure:5764: checking for dlfcn.h
configure:5772: result: yes
configure:5795: checking how to run the C++ preprocessor
configure:5831: g++ -E  conftest.cpp
configure:5837: $? = 0
configure:5868: g++ -E  conftest.cpp
conftest.cpp:21:10: fatal error: 'ac_nonexistent.h' file not found
#include <ac_nonexistent.h>
         ^
1 error generated.
configure:5874: $? = 1
configure: failed program was:
| /* confdefs.h.  */
| #define PACKAGE_NAME "SickToolbox"
| #define PACKAGE_TARNAME "sicktoolbox"
| #define PACKAGE_VERSION "1.0.1"
| #define PACKAGE_STRING "SickToolbox 1.0.1"
| #define PACKAGE_BUGREPORT "derenick@lehigh.edu"
| #define PACKAGE "sicktoolbox"
| #define VERSION "1.0.1"
| #define STDC_HEADERS 1
| #define HAVE_SYS_TYPES_H 1
| #define HAVE_SYS_STAT_H 1
| #define HAVE_STDLIB_H 1
| #define HAVE_STRING_H 1
| #define HAVE_MEMORY_H 1
| #define HAVE_STRINGS_H 1
| #define HAVE_INTTYPES_H 1
| #define HAVE_STDINT_H 1
| #define HAVE_UNISTD_H 1
| #define HAVE_DLFCN_H 1
| /* end confdefs.h.  */
| #include <ac_nonexistent.h>
configure:5907: result: g++ -E
configure:5936: g++ -E  conftest.cpp
configure:5942: $? = 0
configure:5973: g++ -E  conftest.cpp
conftest.cpp:21:10: fatal error: 'ac_nonexistent.h' file not found
#include <ac_nonexistent.h>
         ^
1 error generated.
configure:5979: $? = 1
configure: failed program was:
| /* confdefs.h.  */
| #define PACKAGE_NAME "SickToolbox"
| #define PACKAGE_TARNAME "sicktoolbox"
| #define PACKAGE_VERSION "1.0.1"
| #define PACKAGE_STRING "SickToolbox 1.0.1"
| #define PACKAGE_BUGREPORT "derenick@lehigh.edu"
| #define PACKAGE "sicktoolbox"
| #define VERSION "1.0.1"
| #define STDC_HEADERS 1
| #define HAVE_SYS_TYPES_H 1
| #define HAVE_SYS_STAT_H 1
| #define HAVE_STDLIB_H 1
| #define HAVE_STRING_H 1
| #define HAVE_MEMORY_H 1
| #define HAVE_STRINGS_H 1
| #define HAVE_INTTYPES_H 1
| #define HAVE_STDINT_H 1
| #define HAVE_UNISTD_H 1
| #define HAVE_DLFCN_H 1
| /* end confdefs.h.  */
| #include <ac_nonexistent.h>
configure:6072: checking for g77
configure:6102: result: no
configure:6072: checking for xlf
configure:6102: result: no
configure:6072: checking for f77
configure:6102: result: no
configure:6072: checking for frt
configure:6102: result: no
configure:6072: checking for pgf77
configure:6102: result: no
configure:6072: checking for cf77
configure:6102: result: no
configure:6072: checking for fort77
configure:6102: result: no
configure:6072: checking for fl32
configure:6102: result: no
configure:6072: checking for af77
configure:6102: result: no
configure:6072: checking for xlf90
configure:6102: result: no
configure:6072: checking for f90
configure:6102: result: no
configure:6072: checking for pgf90
configure:6102: result: no
configure:6072: checking for pghpf
configure:6102: result: no
configure:6072: checking for epcf90
configure:6102: result: no
configure:6072: checking for gfortran
configure:6088: found /usr/local/bin/gfortran
configure:6099: result: gfortran
configure:6129: checking for Fortran 77 compiler version
configure:6136: gfortran --version >&5
GNU Fortran (Homebrew GCC 7.1.0 --without-multilib) 7.1.0
Copyright (C) 2017 Free Software Foundation, Inc.
This is free software; see the source for copying conditions.  There is NO
warranty; not even for MERCHANTABILITY or FITNESS FOR A PARTICULAR PURPOSE.

configure:6139: $? = 0
configure:6146: gfortran -v >&5
Using built-in specs.
COLLECT_GCC=gfortran
COLLECT_LTO_WRAPPER=/usr/local/Cellar/gcc/7.1.0/libexec/gcc/x86_64-apple-darwin16.6.0/7.1.0/lto-wrapper
Target: x86_64-apple-darwin16.6.0
Configured with: ../configure --build=x86_64-apple-darwin16.6.0 --prefix=/usr/local/Cellar/gcc/7.1.0 --libdir=/usr/local/Cellar/gcc/7.1.0/lib/gcc/7 --enable-languages=c,c++,objc,obj-c++,fortran --program-suffix=-7 --with-gmp=/usr/local/opt/gmp --with-mpfr=/usr/local/opt/mpfr --with-mpc=/usr/local/opt/libmpc --with-isl=/usr/local/opt/isl --with-system-zlib --enable-checking=release --with-pkgversion='Homebrew GCC 7.1.0 --without-multilib' --with-bugurl=https://github.com/Homebrew/homebrew-core/issues --disable-multilib --disable-nls
Thread model: posix
gcc version 7.1.0 (Homebrew GCC 7.1.0 --without-multilib) 
configure:6149: $? = 0
configure:6156: gfortran -V >&5
gfortran: error: unrecognized command line option '-V'
gfortran: fatal error: no input files
compilation terminated.
configure:6159: $? = 1
configure:6167: checking whether we are using the GNU Fortran 77 compiler
configure:6186: gfortran -c  conftest.F >&5
configure:6192: $? = 0
configure:6209: result: yes
configure:6215: checking whether gfortran accepts -g
configure:6232: gfortran -c -g conftest.f >&5
configure:6238: $? = 0
configure:6254: result: yes
configure:6284: checking the maximum length of command line arguments
configure:6393: result: 196608
configure:6404: checking command to parse /usr/bin/nm -B output from gcc object
configure:6509: gcc -c -g -O2  conftest.c >&5
configure:6512: $? = 0
configure:6516: /usr/bin/nm -B conftest.o \| sed -n -e 's/^.*[ 	]\([BCDEGRST][BCDEGRST]*\)[ 	][ 	]*\([_A-Za-z][_A-Za-z0-9]*\)$/\1 \2 \2/p' \> conftest.nm
configure:6519: $? = 0
cannot find nm_test_var in conftest.nm
configure:6509: gcc -c -g -O2  conftest.c >&5
configure:6512: $? = 0
configure:6516: /usr/bin/nm -B conftest.o \| sed -n -e 's/^.*[ 	]\([BCDEGRST][BCDEGRST]*\)[ 	][ 	]*_\([_A-Za-z][_A-Za-z0-9]*\)$/\1 _\2 \2/p' \> conftest.nm
configure:6519: $? = 0
configure:6571: gcc -o conftest -g -O2   conftest.c conftstm.o >&5
warning: (x86_64)  could not find object file symbol for symbol _main
configure:6574: $? = 0
configure:6612: result: ok
configure:6616: checking for objdir
configure:6631: result: .libs
configure:6723: checking for ar
configure:6739: found /usr/bin/ar
configure:6750: result: ar
configure:6819: checking for ranlib
configure:6835: found /usr/bin/ranlib
configure:6846: result: ranlib
configure:6915: checking for strip
configure:6931: found /usr/bin/strip
configure:6942: result: strip
configure:7228: checking if gcc supports -fno-rtti -fno-exceptions
configure:7246: gcc -c -g -O2  -fno-rtti -fno-exceptions conftest.c >&5
configure:7250: $? = 0
configure:7263: result: yes
configure:7278: checking for gcc option to produce PIC
configure:7488: result: -fno-common
configure:7496: checking if gcc PIC flag -fno-common works
configure:7514: gcc -c -g -O2  -fno-common -DPIC conftest.c >&5
configure:7518: $? = 0
configure:7531: result: yes
configure:7559: checking if gcc static flag -static works
configure:7587: result: no
configure:7597: checking if gcc supports -c -o file.o
configure:7618: gcc -c -g -O2  -o out/conftest2.o conftest.c >&5
configure:7622: $? = 0
configure:7644: result: yes
configure:7670: checking whether the gcc linker (/Applications/Xcode.app/Contents/Developer/Toolchains/XcodeDefault.xctoolchain/usr/bin/ld) supports shared libraries
configure:8625: result: yes
configure:8692: checking dynamic linker characteristics
configure:9268: result: darwin16.7.0 dyld
configure:9277: checking how to hardcode library paths into programs
configure:9302: result: immediate
configure:9316: checking whether stripping libraries is possible
configure:9329: result: yes
configure:10122: checking if libtool supports shared libraries
configure:10124: result: yes
configure:10127: checking whether to build shared libraries
configure:10148: result: yes
configure:10151: checking whether to build static libraries
configure:10155: result: yes
configure:10247: creating libtool
configure:10835: checking for ld used by g++
configure:10902: result: /Applications/Xcode.app/Contents/Developer/Toolchains/XcodeDefault.xctoolchain/usr/bin/ld
configure:10911: checking if the linker (/Applications/Xcode.app/Contents/Developer/Toolchains/XcodeDefault.xctoolchain/usr/bin/ld) is GNU ld
configure:10926: result: no
configure:10977: checking whether the g++ linker (/Applications/Xcode.app/Contents/Developer/Toolchains/XcodeDefault.xctoolchain/usr/bin/ld) supports shared libraries
configure:11911: result: yes
configure:11929: g++ -c -g -O2  conftest.cpp >&5
configure:11932: $? = 0
configure:12051: checking for g++ option to produce PIC
configure:12325: result: -fno-common
configure:12333: checking if g++ PIC flag -fno-common works
configure:12351: g++ -c -g -O2  -fno-common -DPIC conftest.cpp >&5
configure:12355: $? = 0
configure:12368: result: yes
configure:12396: checking if g++ static flag -static works
configure:12424: result: no
configure:12434: checking if g++ supports -c -o file.o
configure:12455: g++ -c -g -O2  -o out/conftest2.o conftest.cpp >&5
configure:12459: $? = 0
configure:12481: result: yes
configure:12507: checking whether the g++ linker (/Applications/Xcode.app/Contents/Developer/Toolchains/XcodeDefault.xctoolchain/usr/bin/ld) supports shared libraries
configure:12535: result: yes
configure:12602: checking dynamic linker characteristics
configure:13178: result: darwin16.7.0 dyld
configure:13187: checking how to hardcode library paths into programs
configure:13212: result: immediate
configure:13738: checking if libtool supports shared libraries
configure:13740: result: yes
configure:13743: checking whether to build shared libraries
configure:13763: result: yes
configure:13766: checking whether to build static libraries
configure:13770: result: yes
configure:13780: checking for gfortran option to produce PIC
configure:13990: result: -fno-common
configure:13998: checking if gfortran PIC flag -fno-common works
configure:14016: gfortran -c -g -O2 -fno-common conftest.f >&5
configure:14020: $? = 0
configure:14033: result: yes
configure:14061: checking if gfortran static flag -static works
configure:14089: result: no
configure:14099: checking if gfortran supports -c -o file.o
configure:14120: gfortran -c -g -O2 -o out/conftest2.o conftest.f >&5
configure:14124: $? = 0
configure:14146: result: yes
configure:14172: checking whether the gfortran linker (/Applications/Xcode.app/Contents/Developer/Toolchains/XcodeDefault.xctoolchain/usr/bin/ld) supports shared libraries
configure:15107: result: yes
configure:15174: checking dynamic linker characteristics
configure:15750: result: darwin16.7.0 dyld
configure:15759: checking how to hardcode library paths into programs
configure:15784: result: immediate
configure:19335: checking for gnuplot
configure:19363: result: no
configure:19378: WARNING: *** gnuplot not found, some examples will not be built.
configure:19504: checking for doxygen
configure:19537: result: no
configure:19561: WARNING: doxygen not found - will not generate any doxygen documentation
configure:19614: checking for perl
configure:19632: found /usr/bin/perl
configure:19644: result: /usr/bin/perl
configure:21600: checking for the pthreads library -lpthreads
configure:21643: gcc -o conftest -g -O2    conftest.c -lpthreads  >&5
conftest.c:26:41: warning: null passed to a callee that requires a non-null argument [-Wnonnull]
                     pthread_attr_init(0); pthread_cleanup_push(0, 0);
                                       ~^
conftest.c:27:44: warning: null passed to a callee that requires a non-null argument [-Wnonnull]
                     pthread_create(0,0,0,0); pthread_cleanup_pop(0);
                                    ~      ^
conftest.c:27:44: warning: null passed to a callee that requires a non-null argument [-Wnonnull]
                     pthread_create(0,0,0,0); pthread_cleanup_pop(0);
                                        ~  ^
3 warnings generated.
ld: library not found for -lpthreads
clang: error: linker command failed with exit code 1 (use -v to see invocation)
configure:21649: $? = 1
configure: failed program was:
| /* confdefs.h.  */
| #define PACKAGE_NAME "SickToolbox"
| #define PACKAGE_TARNAME "sicktoolbox"
| #define PACKAGE_VERSION "1.0.1"
| #define PACKAGE_STRING "SickToolbox 1.0.1"
| #define PACKAGE_BUGREPORT "derenick@lehigh.edu"
| #define PACKAGE "sicktoolbox"
| #define VERSION "1.0.1"
| #define STDC_HEADERS 1
| #define HAVE_SYS_TYPES_H 1
| #define HAVE_SYS_STAT_H 1
| #define HAVE_STDLIB_H 1
| #define HAVE_STRING_H 1
| #define HAVE_MEMORY_H 1
| #define HAVE_STRINGS_H 1
| #define HAVE_INTTYPES_H 1
| #define HAVE_STDINT_H 1
| #define HAVE_UNISTD_H 1
| #define HAVE_DLFCN_H 1
| /* end confdefs.h.  */
| #include <pthread.h>
| int
| main ()
| {
| pthread_t th; pthread_join(th, 0);
|                      pthread_attr_init(0); pthread_cleanup_push(0, 0);
|                      pthread_create(0,0,0,0); pthread_cleanup_pop(0);
|   ;
|   return 0;
| }
configure:21669: result: no
configure:21545: checking whether pthreads work without any flags
configure:21643: gcc -o conftest -g -O2    conftest.c   >&5
conftest.c:26:41: warning: null passed to a callee that requires a non-null argument [-Wnonnull]
                     pthread_attr_init(0); pthread_cleanup_push(0, 0);
                                       ~^
conftest.c:27:44: warning: null passed to a callee that requires a non-null argument [-Wnonnull]
                     pthread_create(0,0,0,0); pthread_cleanup_pop(0);
                                    ~      ^
conftest.c:27:44: warning: null passed to a callee that requires a non-null argument [-Wnonnull]
                     pthread_create(0,0,0,0); pthread_cleanup_pop(0);
                                        ~  ^
3 warnings generated.
configure:21649: $? = 0
configure:21669: result: yes
configure:21688: checking for joinable pthread attribute
configure:21713: gcc -o conftest -g -O2    conftest.c   >&5
configure:21719: $? = 0
configure:21736: result: PTHREAD_CREATE_JOINABLE
configure:21746: checking if more special flags are required for pthreads
configure:21753: result: -D_THREAD_SAFE
configure:21841: checking for ANSI C header files
configure:22005: result: yes
configure:22038: checking arpa/inet.h usability
configure:22055: gcc -c -g -O2  conftest.c >&5
configure:22061: $? = 0
configure:22075: result: yes
configure:22079: checking arpa/inet.h presence
configure:22094: gcc -E  conftest.c
configure:22100: $? = 0
configure:22114: result: yes
configure:22147: checking for arpa/inet.h
configure:22155: result: yes
configure:22038: checking fcntl.h usability
configure:22055: gcc -c -g -O2  conftest.c >&5
configure:22061: $? = 0
configure:22075: result: yes
configure:22079: checking fcntl.h presence
configure:22094: gcc -E  conftest.c
configure:22100: $? = 0
configure:22114: result: yes
configure:22147: checking for fcntl.h
configure:22155: result: yes
configure:22038: checking netinet/in.h usability
configure:22055: gcc -c -g -O2  conftest.c >&5
configure:22061: $? = 0
configure:22075: result: yes
configure:22079: checking netinet/in.h presence
configure:22094: gcc -E  conftest.c
configure:22100: $? = 0
configure:22114: result: yes
configure:22147: checking for netinet/in.h
configure:22155: result: yes
configure:22028: checking for string.h
configure:22034: result: yes
configure:22038: checking sys/ioctl.h usability
configure:22055: gcc -c -g -O2  conftest.c >&5
configure:22061: $? = 0
configure:22075: result: yes
configure:22079: checking sys/ioctl.h presence
configure:22094: gcc -E  conftest.c
configure:22100: $? = 0
configure:22114: result: yes
configure:22147: checking for sys/ioctl.h
configure:22155: result: yes
configure:22038: checking sys/socket.h usability
configure:22055: gcc -c -g -O2  conftest.c >&5
configure:22061: $? = 0
configure:22075: result: yes
configure:22079: checking sys/socket.h presence
configure:22094: gcc -E  conftest.c
configure:22100: $? = 0
configure:22114: result: yes
configure:22147: checking for sys/socket.h
configure:22155: result: yes
configure:22038: checking sys/time.h usability
configure:22055: gcc -c -g -O2  conftest.c >&5
configure:22061: $? = 0
configure:22075: result: yes
configure:22079: checking sys/time.h presence
configure:22094: gcc -E  conftest.c
configure:22100: $? = 0
configure:22114: result: yes
configure:22147: checking for sys/time.h
configure:22155: result: yes
configure:22038: checking termios.h usability
configure:22055: gcc -c -g -O2  conftest.c >&5
configure:22061: $? = 0
configure:22075: result: yes
configure:22079: checking termios.h presence
configure:22094: gcc -E  conftest.c
configure:22100: $? = 0
configure:22114: result: yes
configure:22147: checking for termios.h
configure:22155: result: yes
configure:22028: checking for unistd.h
configure:22034: result: yes
configure:22185: checking linux/serial.h usability
configure:22202: gcc -c -g -O2  conftest.c >&5
conftest.c:65:10: fatal error: 'linux/serial.h' file not found
#include <linux/serial.h>
         ^
1 error generated.
configure:22208: $? = 1
configure: failed program was:
| /* confdefs.h.  */
| #define PACKAGE_NAME "SickToolbox"
| #define PACKAGE_TARNAME "sicktoolbox"
| #define PACKAGE_VERSION "1.0.1"
| #define PACKAGE_STRING "SickToolbox 1.0.1"
| #define PACKAGE_BUGREPORT "derenick@lehigh.edu"
| #define PACKAGE "sicktoolbox"
| #define VERSION "1.0.1"
| #define STDC_HEADERS 1
| #define HAVE_SYS_TYPES_H 1
| #define HAVE_SYS_STAT_H 1
| #define HAVE_STDLIB_H 1
| #define HAVE_STRING_H 1
| #define HAVE_MEMORY_H 1
| #define HAVE_STRINGS_H 1
| #define HAVE_INTTYPES_H 1
| #define HAVE_STDINT_H 1
| #define HAVE_UNISTD_H 1
| #define HAVE_DLFCN_H 1
| #define HAVE_PTHREAD 1
| #define STDC_HEADERS 1
| #define HAVE_ARPA_INET_H 1
| #define HAVE_FCNTL_H 1
| #define HAVE_NETINET_IN_H 1
| #define HAVE_STRING_H 1
| #define HAVE_SYS_IOCTL_H 1
| #define HAVE_SYS_SOCKET_H 1
| #define HAVE_SYS_TIME_H 1
| #define HAVE_TERMIOS_H 1
| #define HAVE_UNISTD_H 1
| /* end confdefs.h.  */
| #include <stdio.h>
| #ifdef HAVE_SYS_TYPES_H
| # include <sys/types.h>
| #endif
| #ifdef HAVE_SYS_STAT_H
| # include <sys/stat.h>
| #endif
| #ifdef STDC_HEADERS
| # include <stdlib.h>
| # include <stddef.h>
| #else
| # ifdef HAVE_STDLIB_H
| #  include <stdlib.h>
| # endif
| #endif
| #ifdef HAVE_STRING_H
| # if !defined STDC_HEADERS && defined HAVE_MEMORY_H
| #  include <memory.h>
| # endif
| # include <string.h>
| #endif
| #ifdef HAVE_STRINGS_H
| # include <strings.h>
| #endif
| #ifdef HAVE_INTTYPES_H
| # include <inttypes.h>
| #endif
| #ifdef HAVE_STDINT_H
| # include <stdint.h>
| #endif
| #ifdef HAVE_UNISTD_H
| # include <unistd.h>
| #endif
| #include <linux/serial.h>
configure:22222: result: no
configure:22226: checking linux/serial.h presence
configure:22241: gcc -E  conftest.c
conftest.c:32:10: fatal error: 'linux/serial.h' file not found
#include <linux/serial.h>
         ^
1 error generated.
configure:22247: $? = 1
configure: failed program was:
| /* confdefs.h.  */
| #define PACKAGE_NAME "SickToolbox"
| #define PACKAGE_TARNAME "sicktoolbox"
| #define PACKAGE_VERSION "1.0.1"
| #define PACKAGE_STRING "SickToolbox 1.0.1"
| #define PACKAGE_BUGREPORT "derenick@lehigh.edu"
| #define PACKAGE "sicktoolbox"
| #define VERSION "1.0.1"
| #define STDC_HEADERS 1
| #define HAVE_SYS_TYPES_H 1
| #define HAVE_SYS_STAT_H 1
| #define HAVE_STDLIB_H 1
| #define HAVE_STRING_H 1
| #define HAVE_MEMORY_H 1
| #define HAVE_STRINGS_H 1
| #define HAVE_INTTYPES_H 1
| #define HAVE_STDINT_H 1
| #define HAVE_UNISTD_H 1
| #define HAVE_DLFCN_H 1
| #define HAVE_PTHREAD 1
| #define STDC_HEADERS 1
| #define HAVE_ARPA_INET_H 1
| #define HAVE_FCNTL_H 1
| #define HAVE_NETINET_IN_H 1
| #define HAVE_STRING_H 1
| #define HAVE_SYS_IOCTL_H 1
| #define HAVE_SYS_SOCKET_H 1
| #define HAVE_SYS_TIME_H 1
| #define HAVE_TERMIOS_H 1
| #define HAVE_UNISTD_H 1
| /* end confdefs.h.  */
| #include <linux/serial.h>
configure:22261: result: no
configure:22294: checking for linux/serial.h
configure:22301: result: no
configure:22318: checking for stdbool.h that conforms to C99
configure:22411: gcc -c -g -O2  conftest.c >&5
conftest.c:59:12: warning: address of 's' will always evaluate to 'true' [-Wpointer-bool-conversion]
        bool e = &s;
             ~    ^
conftest.c:101:11: warning: address of array 'a' will always evaluate to 'true' [-Wpointer-bool-conversion]
        return (!a + !b + !c + !d + !e + !f + !g + !h + !i + !!j + !k + !!l
                ~^
conftest.c:101:16: warning: address of array 'b' will always evaluate to 'true' [-Wpointer-bool-conversion]
        return (!a + !b + !c + !d + !e + !f + !g + !h + !i + !!j + !k + !!l
                     ~^
conftest.c:101:21: warning: address of array 'c' will always evaluate to 'true' [-Wpointer-bool-conversion]
        return (!a + !b + !c + !d + !e + !f + !g + !h + !i + !!j + !k + !!l
                          ~^
conftest.c:101:26: warning: address of array 'd' will always evaluate to 'true' [-Wpointer-bool-conversion]
        return (!a + !b + !c + !d + !e + !f + !g + !h + !i + !!j + !k + !!l
                               ~^
conftest.c:101:36: warning: address of array 'f' will always evaluate to 'true' [-Wpointer-bool-conversion]
        return (!a + !b + !c + !d + !e + !f + !g + !h + !i + !!j + !k + !!l
                                         ~^
conftest.c:101:41: warning: address of array 'g' will always evaluate to 'true' [-Wpointer-bool-conversion]
        return (!a + !b + !c + !d + !e + !f + !g + !h + !i + !!j + !k + !!l
                                              ~^
conftest.c:101:46: warning: address of array 'h' will always evaluate to 'true' [-Wpointer-bool-conversion]
        return (!a + !b + !c + !d + !e + !f + !g + !h + !i + !!j + !k + !!l
                                                   ~^
conftest.c:101:51: warning: address of array 'i' will always evaluate to 'true' [-Wpointer-bool-conversion]
        return (!a + !b + !c + !d + !e + !f + !g + !h + !i + !!j + !k + !!l
                                                        ~^
conftest.c:102:11: warning: address of array 'n' will always evaluate to 'true' [-Wpointer-bool-conversion]
                       ~^
conftest.c:102:16: warning: address of array 'o' will always evaluate to 'true' [-Wpointer-bool-conversion]
                            ~^
conftest.c:102:21: warning: address of array 'p' will always evaluate to 'true' [-Wpointer-bool-conversion]
                                 ~^
12 warnings generated.
configure:22417: $? = 0
configure:22432: result: yes
configure:22434: checking for _Bool
configure:22464: gcc -c -g -O2  conftest.c >&5
configure:22470: $? = 0
configure:22485: result: yes
configure:22504: checking for an ANSI C-conforming const
configure:22579: gcc -c -g -O2  conftest.c >&5
configure:22585: $? = 0
configure:22600: result: yes
configure:22610: checking for inline
configure:22636: gcc -c -g -O2  conftest.c >&5
configure:22642: $? = 0
configure:22660: result: inline
configure:22679: checking whether byte ordering is bigendian
configure:22712: gcc -c -g -O2  conftest.c >&5
configure:22718: $? = 0
configure:22750: gcc -c -g -O2  conftest.c >&5
conftest.c:41:2: error: use of undeclared identifier 'not'
 not big endian
 ^
1 error generated.
configure:22756: $? = 1
configure: failed program was:
| /* confdefs.h.  */
| #define PACKAGE_NAME "SickToolbox"
| #define PACKAGE_TARNAME "sicktoolbox"
| #define PACKAGE_VERSION "1.0.1"
| #define PACKAGE_STRING "SickToolbox 1.0.1"
| #define PACKAGE_BUGREPORT "derenick@lehigh.edu"
| #define PACKAGE "sicktoolbox"
| #define VERSION "1.0.1"
| #define STDC_HEADERS 1
| #define HAVE_SYS_TYPES_H 1
| #define HAVE_SYS_STAT_H 1
| #define HAVE_STDLIB_H 1
| #define HAVE_STRING_H 1
| #define HAVE_MEMORY_H 1
| #define HAVE_STRINGS_H 1
| #define HAVE_INTTYPES_H 1
| #define HAVE_STDINT_H 1
| #define HAVE_UNISTD_H 1
| #define HAVE_DLFCN_H 1
| #define HAVE_PTHREAD 1
| #define STDC_HEADERS 1
| #define HAVE_ARPA_INET_H 1
| #define HAVE_FCNTL_H 1
| #define HAVE_NETINET_IN_H 1
| #define HAVE_STRING_H 1
| #define HAVE_SYS_IOCTL_H 1
| #define HAVE_SYS_SOCKET_H 1
| #define HAVE_SYS_TIME_H 1
| #define HAVE_TERMIOS_H 1
| #define HAVE_UNISTD_H 1
| #define HAVE__BOOL 1
| #define HAVE_STDBOOL_H 1
| /* end confdefs.h.  */
| #include <sys/types.h>
| #include <sys/param.h>
| 
| int
| main ()
| {
| #if BYTE_ORDER != BIG_ENDIAN
|  not big endian
| #endif
| 
|   ;
|   return 0;
| }
configure:22896: result: no
configure:22915: checking whether time.h and sys/time.h may both be included
configure:22945: gcc -c -g -O2  conftest.c >&5
configure:22951: $? = 0
configure:22966: result: yes
configure:22977: checking for int16_t
configure:23008: gcc -c -g -O2  conftest.c >&5
configure:23014: $? = 0
configure:23043: gcc -c -g -O2  conftest.c >&5
conftest.c:71:24: error: 'test_array' declared as an array with a negative size
static int test_array [1 - 2 * !((int16_t) ((((int16_t) 1 << (16 - 2)) - 1) * 2 + 1)
                       ^~~~~~~~~~~~~~~~~~~~~~~~~~~~~~~~~~~~~~~~~~~~~~~~~~~~~~~~~~~~~
1 error generated.
configure:23049: $? = 1
configure: failed program was:
| /* confdefs.h.  */
| #define PACKAGE_NAME "SickToolbox"
| #define PACKAGE_TARNAME "sicktoolbox"
| #define PACKAGE_VERSION "1.0.1"
| #define PACKAGE_STRING "SickToolbox 1.0.1"
| #define PACKAGE_BUGREPORT "derenick@lehigh.edu"
| #define PACKAGE "sicktoolbox"
| #define VERSION "1.0.1"
| #define STDC_HEADERS 1
| #define HAVE_SYS_TYPES_H 1
| #define HAVE_SYS_STAT_H 1
| #define HAVE_STDLIB_H 1
| #define HAVE_STRING_H 1
| #define HAVE_MEMORY_H 1
| #define HAVE_STRINGS_H 1
| #define HAVE_INTTYPES_H 1
| #define HAVE_STDINT_H 1
| #define HAVE_UNISTD_H 1
| #define HAVE_DLFCN_H 1
| #define HAVE_PTHREAD 1
| #define STDC_HEADERS 1
| #define HAVE_ARPA_INET_H 1
| #define HAVE_FCNTL_H 1
| #define HAVE_NETINET_IN_H 1
| #define HAVE_STRING_H 1
| #define HAVE_SYS_IOCTL_H 1
| #define HAVE_SYS_SOCKET_H 1
| #define HAVE_SYS_TIME_H 1
| #define HAVE_TERMIOS_H 1
| #define HAVE_UNISTD_H 1
| #define HAVE__BOOL 1
| #define HAVE_STDBOOL_H 1
| #define TIME_WITH_SYS_TIME 1
| /* end confdefs.h.  */
| #include <stdio.h>
| #ifdef HAVE_SYS_TYPES_H
| # include <sys/types.h>
| #endif
| #ifdef HAVE_SYS_STAT_H
| # include <sys/stat.h>
| #endif
| #ifdef STDC_HEADERS
| # include <stdlib.h>
| # include <stddef.h>
| #else
| # ifdef HAVE_STDLIB_H
| #  include <stdlib.h>
| # endif
| #endif
| #ifdef HAVE_STRING_H
| # if !defined STDC_HEADERS && defined HAVE_MEMORY_H
| #  include <memory.h>
| # endif
| # include <string.h>
| #endif
| #ifdef HAVE_STRINGS_H
| # include <strings.h>
| #endif
| #ifdef HAVE_INTTYPES_H
| # include <inttypes.h>
| #endif
| #ifdef HAVE_STDINT_H
| # include <stdint.h>
| #endif
| #ifdef HAVE_UNISTD_H
| # include <unistd.h>
| #endif
| int
| main ()
| {
| static int test_array [1 - 2 * !((int16_t) ((((int16_t) 1 << (16 - 2)) - 1) * 2 + 1)
| 	         < (int16_t) ((((int16_t) 1 << (16 - 2)) - 1) * 2 + 2))];
| test_array [0] = 0
| 
|   ;
|   return 0;
| }
configure:23078: result: yes
configure:23091: checking for uint16_t
configure:23122: gcc -c -g -O2  conftest.c >&5
configure:23128: $? = 0
configure:23149: result: yes
configure:23163: checking for uint32_t
configure:23194: gcc -c -g -O2  conftest.c >&5
configure:23200: $? = 0
configure:23221: result: yes
configure:23239: checking for uint8_t
configure:23270: gcc -c -g -O2  conftest.c >&5
configure:23276: $? = 0
configure:23297: result: yes
configure:23317: checking whether gcc needs -traditional
conftest.c:35:10: fatal error: 'termio.h' file not found
#include <termio.h>
         ^
1 error generated.
configure:23359: result: no
configure:23382: checking sys/select.h usability
configure:23399: gcc -c -g -O2  conftest.c >&5
configure:23405: $? = 0
configure:23419: result: yes
configure:23423: checking sys/select.h presence
configure:23438: gcc -E  conftest.c
configure:23444: $? = 0
configure:23458: result: yes
configure:23491: checking for sys/select.h
configure:23499: result: yes
configure:23372: checking for sys/socket.h
configure:23378: result: yes
configure:23512: checking types of arguments for select
configure:23550: gcc -c -g -O2  conftest.c >&5
configure:23556: $? = 0
configure:23577: result: int,fd_set *,struct timeval *
configure:23600: checking return type of signal handlers
configure:23628: gcc -c -g -O2  conftest.c >&5
conftest.c:46:8: error: indirection requires pointer operand ('void' invalid)
return *(signal (0, 0)) (0) == 1;
       ^~~~~~~~~~~~~~~~~~~~
1 error generated.
configure:23634: $? = 1
configure: failed program was:
| /* confdefs.h.  */
| #define PACKAGE_NAME "SickToolbox"
| #define PACKAGE_TARNAME "sicktoolbox"
| #define PACKAGE_VERSION "1.0.1"
| #define PACKAGE_STRING "SickToolbox 1.0.1"
| #define PACKAGE_BUGREPORT "derenick@lehigh.edu"
| #define PACKAGE "sicktoolbox"
| #define VERSION "1.0.1"
| #define STDC_HEADERS 1
| #define HAVE_SYS_TYPES_H 1
| #define HAVE_SYS_STAT_H 1
| #define HAVE_STDLIB_H 1
| #define HAVE_STRING_H 1
| #define HAVE_MEMORY_H 1
| #define HAVE_STRINGS_H 1
| #define HAVE_INTTYPES_H 1
| #define HAVE_STDINT_H 1
| #define HAVE_UNISTD_H 1
| #define HAVE_DLFCN_H 1
| #define HAVE_PTHREAD 1
| #define STDC_HEADERS 1
| #define HAVE_ARPA_INET_H 1
| #define HAVE_FCNTL_H 1
| #define HAVE_NETINET_IN_H 1
| #define HAVE_STRING_H 1
| #define HAVE_SYS_IOCTL_H 1
| #define HAVE_SYS_SOCKET_H 1
| #define HAVE_SYS_TIME_H 1
| #define HAVE_TERMIOS_H 1
| #define HAVE_UNISTD_H 1
| #define HAVE__BOOL 1
| #define HAVE_STDBOOL_H 1
| #define TIME_WITH_SYS_TIME 1
| #define HAVE_SYS_SELECT_H 1
| #define HAVE_SYS_SOCKET_H 1
| #define SELECT_TYPE_ARG1 int
| #define SELECT_TYPE_ARG234 (fd_set *)
| #define SELECT_TYPE_ARG5 (struct timeval *)
| /* end confdefs.h.  */
| #include <sys/types.h>
| #include <signal.h>
| 
| int
| main ()
| {
| return *(signal (0, 0)) (0) == 1;
|   ;
|   return 0;
| }
configure:23649: result: void
configure:23665: checking for gettimeofday
configure:23721: gcc -o conftest -g -O2   conftest.c  >&5
configure:23727: $? = 0
configure:23745: result: yes
configure:23665: checking for memset
configure:23721: gcc -o conftest -g -O2   conftest.c  >&5
conftest.c:65:6: warning: incompatible redeclaration of library function 'memset' [-Wincompatible-library-redeclaration]
char memset ();
     ^
conftest.c:65:6: note: 'memset' is a builtin with type 'void *(void *, int, unsigned long)'
1 warning generated.
configure:23727: $? = 0
configure:23745: result: yes
configure:23665: checking for select
configure:23721: gcc -o conftest -g -O2   conftest.c  >&5
configure:23727: $? = 0
configure:23745: result: yes
configure:23665: checking for socket
configure:23721: gcc -o conftest -g -O2   conftest.c  >&5
configure:23727: $? = 0
configure:23745: result: yes
configure:23665: checking for strcasecmp
configure:23721: gcc -o conftest -g -O2   conftest.c  >&5
conftest.c:68:6: warning: incompatible redeclaration of library function 'strcasecmp' [-Wincompatible-library-redeclaration]
char strcasecmp ();
     ^
conftest.c:68:6: note: 'strcasecmp' is a builtin with type 'int (const char *, const char *)'
1 warning generated.
configure:23727: $? = 0
configure:23745: result: yes
configure:24045: creating ./config.status

## ---------------------- ##
## Running config.status. ##
## ---------------------- ##

This file was extended by SickToolbox config.status 1.0.1, which was
generated by GNU Autoconf 2.61.  Invocation command line was

  CONFIG_FILES    = 
  CONFIG_HEADERS  = 
  CONFIG_LINKS    = 
  CONFIG_COMMANDS = 
  $ ./config.status 

on AnotheruterName.home

config.status:772: creating Makefile
config.status:772: creating c++/Makefile
config.status:772: creating c++/examples/Makefile
config.status:772: creating c++/examples/ld/Makefile
config.status:772: creating c++/examples/ld/ld_config/Makefile
config.status:772: creating c++/examples/ld/ld_config/src/Makefile
config.status:772: creating c++/examples/ld/ld_more_config/Makefile
config.status:772: creating c++/examples/ld/ld_more_config/src/Makefile
config.status:772: creating c++/examples/ld/ld_multi_sector/Makefile
config.status:772: creating c++/examples/ld/ld_multi_sector/src/Makefile
config.status:772: creating c++/examples/ld/ld_single_sector/Makefile
config.status:772: creating c++/examples/ld/ld_single_sector/src/Makefile
config.status:772: creating c++/examples/lms/Makefile
config.status:772: creating c++/examples/lms/lms_config/Makefile
config.status:772: creating c++/examples/lms/lms_config/src/Makefile
config.status:772: creating c++/examples/lms/lms_mean_values/Makefile
config.status:772: creating c++/examples/lms/lms_mean_values/src/Makefile
config.status:772: creating c++/examples/lms/lms_partial_scan/Makefile
config.status:772: creating c++/examples/lms/lms_partial_scan/src/Makefile
config.status:772: creating c++/examples/lms/lms_plot_values/Makefile
config.status:772: creating c++/examples/lms/lms_plot_values/src/Makefile
config.status:772: creating c++/examples/lms/lms_real_time_indices/Makefile
config.status:772: creating c++/examples/lms/lms_real_time_indices/src/Makefile
config.status:772: creating c++/examples/lms/lms_set_variant/Makefile
config.status:772: creating c++/examples/lms/lms_set_variant/src/Makefile
config.status:772: creating c++/examples/lms/lms_simple_app/Makefile
config.status:772: creating c++/examples/lms/lms_simple_app/src/Makefile
config.status:772: creating c++/examples/lms/lms_stream_range_and_reflect/Makefile
config.status:772: creating c++/examples/lms/lms_stream_range_and_reflect/src/Makefile
config.status:772: creating c++/examples/lms/lms_subrange/Makefile
config.status:772: creating c++/examples/lms/lms_subrange/src/Makefile
config.status:772: creating c++/drivers/Makefile
config.status:772: creating c++/drivers/ld/Makefile
config.status:772: creating c++/drivers/ld/sickld-1.0/Makefile
config.status:772: creating c++/drivers/lms/Makefile
config.status:772: creating c++/drivers/lms/sicklms-1.0/Makefile
config.status:772: creating c++/drivers/base/src/SickConfig.hh
config.status:1070: executing depfiles commands

## ---------------- ##
## Cache variables. ##
## ---------------- ##

ac_cv_build=i386-apple-darwin16.7.0
ac_cv_c_bigendian=no
ac_cv_c_compiler_gnu=yes
ac_cv_c_const=yes
ac_cv_c_inline=inline
ac_cv_c_int16_t=yes
ac_cv_c_uint16_t=yes
ac_cv_c_uint32_t=yes
ac_cv_c_uint8_t=yes
ac_cv_cxx_compiler_gnu=yes
ac_cv_env_CCC_set=
ac_cv_env_CCC_value=
ac_cv_env_CC_set=
ac_cv_env_CC_value=
ac_cv_env_CFLAGS_set=
ac_cv_env_CFLAGS_value=
ac_cv_env_CPPFLAGS_set=
ac_cv_env_CPPFLAGS_value=
ac_cv_env_CPP_set=
ac_cv_env_CPP_value=
ac_cv_env_CXXCPP_set=
ac_cv_env_CXXCPP_value=
ac_cv_env_CXXFLAGS_set=
ac_cv_env_CXXFLAGS_value=
ac_cv_env_CXX_set=
ac_cv_env_CXX_value=
ac_cv_env_DOXYGEN_PAPER_SIZE_set=
ac_cv_env_DOXYGEN_PAPER_SIZE_value=
ac_cv_env_F77_set=
ac_cv_env_F77_value=
ac_cv_env_FFLAGS_set=
ac_cv_env_FFLAGS_value=
ac_cv_env_LDFLAGS_set=
ac_cv_env_LDFLAGS_value=
ac_cv_env_LIBS_set=
ac_cv_env_LIBS_value=
ac_cv_env_build_alias_set=
ac_cv_env_build_alias_value=
ac_cv_env_host_alias_set=
ac_cv_env_host_alias_value=
ac_cv_env_target_alias_set=
ac_cv_env_target_alias_value=
ac_cv_f77_compiler_gnu=yes
ac_cv_func_gettimeofday=yes
ac_cv_func_memset=yes
ac_cv_func_select=yes
ac_cv_func_select_args='int,fd_set *,struct timeval *'
ac_cv_func_socket=yes
ac_cv_func_strcasecmp=yes
ac_cv_header_arpa_inet_h=yes
ac_cv_header_dlfcn_h=yes
ac_cv_header_fcntl_h=yes
ac_cv_header_inttypes_h=yes
ac_cv_header_linux_serial_h=no
ac_cv_header_memory_h=yes
ac_cv_header_netinet_in_h=yes
ac_cv_header_stdbool_h=yes
ac_cv_header_stdc=yes
ac_cv_header_stdint_h=yes
ac_cv_header_stdlib_h=yes
ac_cv_header_string_h=yes
ac_cv_header_strings_h=yes
ac_cv_header_sys_ioctl_h=yes
ac_cv_header_sys_select_h=yes
ac_cv_header_sys_socket_h=yes
ac_cv_header_sys_stat_h=yes
ac_cv_header_sys_time_h=yes
ac_cv_header_sys_types_h=yes
ac_cv_header_termios_h=yes
ac_cv_header_time=yes
ac_cv_header_unistd_h=yes
ac_cv_host=i386-apple-darwin16.7.0
ac_cv_objext=o
ac_cv_path_EGREP='/usr/bin/grep -E'
ac_cv_path_GREP=/usr/bin/grep
ac_cv_path_ac_pt_DX_PERL=/usr/bin/perl
ac_cv_path_install='/usr/local/bin/ginstall -c'
ac_cv_path_mkdir=/usr/local/bin/gmkdir
ac_cv_prog_AWK=gawk
ac_cv_prog_CPP='gcc -E'
ac_cv_prog_CXXCPP='g++ -E'
ac_cv_prog_ac_ct_AR=ar
ac_cv_prog_ac_ct_CC=gcc
ac_cv_prog_ac_ct_CXX=g++
ac_cv_prog_ac_ct_F77=gfortran
ac_cv_prog_ac_ct_RANLIB=ranlib
ac_cv_prog_ac_ct_STRIP=strip
ac_cv_prog_cc_c89=
ac_cv_prog_cc_g=yes
ac_cv_prog_cxx_g=yes
ac_cv_prog_f77_g=yes
ac_cv_prog_gcc_traditional=no
ac_cv_prog_have_gnuplot=no
ac_cv_prog_make_make_set=yes
ac_cv_type__Bool=yes
ac_cv_type_signal=void
am_cv_CC_dependencies_compiler_type=gcc3
am_cv_CXX_dependencies_compiler_type=gcc3
lt_cv_deplibs_check_method=pass_all
lt_cv_file_magic_cmd='$MAGIC_CMD'
lt_cv_file_magic_test_file=
lt_cv_ld_reload_flag=-r
lt_cv_objdir=.libs
lt_cv_path_LD=/Applications/Xcode.app/Contents/Developer/Toolchains/XcodeDefault.xctoolchain/usr/bin/ld
lt_cv_path_LDCXX=/Applications/Xcode.app/Contents/Developer/Toolchains/XcodeDefault.xctoolchain/usr/bin/ld
lt_cv_path_NM='/usr/bin/nm -B'
lt_cv_path_SED=/usr/local/bin/gsed
lt_cv_prog_compiler_c_o=yes
lt_cv_prog_compiler_c_o_CXX=yes
lt_cv_prog_compiler_c_o_F77=yes
lt_cv_prog_compiler_rtti_exceptions=yes
lt_cv_prog_gnu_ld=no
lt_cv_prog_gnu_ldcxx=no
lt_cv_sys_global_symbol_pipe='sed -n -e '\''s/^.*[ 	]\([BCDEGRST][BCDEGRST]*\)[ 	][ 	]*_\([_A-Za-z][_A-Za-z0-9]*\)$/\1 _\2 \2/p'\'''
lt_cv_sys_global_symbol_to_c_name_address='sed -n -e '\''s/^: \([^ ]*\) $/  {\"\1\", (lt_ptr) 0},/p'\'' -e '\''s/^[BCDEGRST] \([^ ]*\) \([^ ]*\)$/  {"\2", (lt_ptr) \&\2},/p'\'''
lt_cv_sys_global_symbol_to_cdecl='sed -n -e '\''s/^. .* \(.*\)$/extern int \1;/p'\'''
lt_cv_sys_max_cmd_len=196608
lt_lt_cv_prog_compiler_c_o='"yes"'
lt_lt_cv_prog_compiler_c_o_CXX='"yes"'
lt_lt_cv_prog_compiler_c_o_F77='"yes"'
lt_lt_cv_sys_global_symbol_pipe='"sed -n -e '\''s/^.*[ 	]\\([BCDEGRST][BCDEGRST]*\\)[ 	][ 	]*_\\([_A-Za-z][_A-Za-z0-9]*\\)\$/\\1 _\\2 \\2/p'\''"'
lt_lt_cv_sys_global_symbol_to_c_name_address='"sed -n -e '\''s/^: \\([^ ]*\\) \$/  {\\\"\\1\\\", (lt_ptr) 0},/p'\'' -e '\''s/^[BCDEGRST] \\([^ ]*\\) \\([^ ]*\\)\$/  {\"\\2\", (lt_ptr) \\&\\2},/p'\''"'
lt_lt_cv_sys_global_symbol_to_cdecl='"sed -n -e '\''s/^. .* \\(.*\\)\$/extern int \\1;/p'\''"'

## ----------------- ##
## Output variables. ##
## ----------------- ##

ACLOCAL='${SHELL} /Users/Woz4tetra/Documents/Code/LMS200/sicktoolbox-1.0.1/misc/missing --run aclocal-1.10'
AMDEPBACKSLASH='\'
AMDEP_FALSE='#'
AMDEP_TRUE=''
AMTAR='${SHELL} /Users/Woz4tetra/Documents/Code/LMS200/sicktoolbox-1.0.1/misc/missing --run tar'
AR='ar'
AUTOCONF='${SHELL} /Users/Woz4tetra/Documents/Code/LMS200/sicktoolbox-1.0.1/misc/missing --run autoconf'
AUTOHEADER='${SHELL} /Users/Woz4tetra/Documents/Code/LMS200/sicktoolbox-1.0.1/misc/missing --run autoheader'
AUTOMAKE='${SHELL} /Users/Woz4tetra/Documents/Code/LMS200/sicktoolbox-1.0.1/misc/missing --run automake-1.10'
AWK='gawk'
CC='gcc'
CCDEPMODE='depmode=gcc3'
CFLAGS='-g -O2'
CPP='gcc -E'
CPPFLAGS=''
CXX='g++'
CXXCPP='g++ -E'
CXXDEPMODE='depmode=gcc3'
CXXFLAGS='-g -O2'
CYGPATH_W='echo'
DEFS='-DHAVE_CONFIG_H'
DEPDIR='.deps'
DOXYGEN_PAPER_SIZE=''
DX_COND_chi_FALSE=''
DX_COND_chi_TRUE='#'
DX_COND_chm_FALSE=''
DX_COND_chm_TRUE='#'
DX_COND_doc_FALSE=''
DX_COND_doc_TRUE='#'
DX_COND_dot_FALSE=''
DX_COND_dot_TRUE='#'
DX_COND_html_FALSE=''
DX_COND_html_TRUE='#'
DX_COND_latex_FALSE=''
DX_COND_latex_TRUE='#'
DX_COND_man_FALSE=''
DX_COND_man_TRUE='#'
DX_COND_pdf_FALSE=''
DX_COND_pdf_TRUE='#'
DX_COND_ps_FALSE=''
DX_COND_ps_TRUE='#'
DX_COND_rtf_FALSE=''
DX_COND_rtf_TRUE='#'
DX_COND_xml_FALSE=''
DX_COND_xml_TRUE='#'
DX_CONFIG='doxygen.cfg'
DX_DOCDIR='doxygen-doc'
DX_DOT=''
DX_DOXYGEN=''
DX_DVIPS=''
DX_EGREP=''
DX_ENV=' SRCDIR='\''.'\'' PROJECT='\''sicktoolbox'\'' DOCDIR='\''doxygen-doc'\'' VERSION='\''1.0.1'\'' HAVE_DOT='\''NO'\'' GENERATE_MAN='\''NO'\'' GENERATE_RTF='\''NO'\'' GENERATE_XML='\''NO'\'' GENERATE_HTMLHELP='\''NO'\'' GENERATE_CHI='\''NO'\'' GENERATE_HTML='\''NO'\'' GENERATE_LATEX='\''NO'\'''
DX_FLAG_[]DX_CURRENT_FEATURE='[]DX_CURRENT_FEATURE'
DX_FLAG_[]DX_CURRENT_FEATURE='[]DX_CURRENT_FEATURE'
DX_FLAG_[]DX_CURRENT_FEATURE='[]DX_CURRENT_FEATURE'
DX_FLAG_[]DX_CURRENT_FEATURE='[]DX_CURRENT_FEATURE'
DX_FLAG_[]DX_CURRENT_FEATURE='[]DX_CURRENT_FEATURE'
DX_FLAG_[]DX_CURRENT_FEATURE='[]DX_CURRENT_FEATURE'
DX_FLAG_[]DX_CURRENT_FEATURE='[]DX_CURRENT_FEATURE'
DX_FLAG_[]DX_CURRENT_FEATURE='[]DX_CURRENT_FEATURE'
DX_FLAG_[]DX_CURRENT_FEATURE='[]DX_CURRENT_FEATURE'
DX_FLAG_[]DX_CURRENT_FEATURE='[]DX_CURRENT_FEATURE'
DX_FLAG_[]DX_CURRENT_FEATURE='[]DX_CURRENT_FEATURE'
DX_FLAG_[]DX_CURRENT_FEATURE='[]DX_CURRENT_FEATURE'
DX_FLAG_[]DX_CURRENT_FEATURE='[]DX_CURRENT_FEATURE'
DX_FLAG_[]DX_CURRENT_FEATURE='[]DX_CURRENT_FEATURE'
DX_FLAG_[]DX_CURRENT_FEATURE='[]DX_CURRENT_FEATURE'
DX_FLAG_[]DX_CURRENT_FEATURE='[]DX_CURRENT_FEATURE'
DX_FLAG_[]DX_CURRENT_FEATURE='[]DX_CURRENT_FEATURE'
DX_FLAG_[]DX_CURRENT_FEATURE='[]DX_CURRENT_FEATURE'
DX_FLAG_[]DX_CURRENT_FEATURE='[]DX_CURRENT_FEATURE'
DX_FLAG_[]DX_CURRENT_FEATURE='[]DX_CURRENT_FEATURE'
DX_FLAG_[]DX_CURRENT_FEATURE='[]DX_CURRENT_FEATURE'
DX_FLAG_chi='0'
DX_FLAG_chm='0'
DX_FLAG_doc='0'
DX_FLAG_dot='0'
DX_FLAG_html='0'
DX_FLAG_man='0'
DX_FLAG_pdf='0'
DX_FLAG_ps='0'
DX_FLAG_rtf='0'
DX_FLAG_xml='0'
DX_HHC=''
DX_LATEX=''
DX_MAKEINDEX=''
DX_PDFLATEX=''
DX_PERL='/usr/bin/perl'
DX_PROJECT='sicktoolbox'
ECHO='/bin/echo'
ECHO_C='ECHO_N=''
ECHO_T=''
EGREP='/usr/bin/grep -E'
EXEEXT=''
F77='gfortran'
FFLAGS='-g -O2'
GREP='/usr/bin/grep'
HAVE_GNUPLOT_FALSE=''
HAVE_GNUPLOT_TRUE='#'
INSTALL_DATA='${INSTALL} -m 644'
INSTALL_PROGRAM='${INSTALL}'
INSTALL_SCRIPT='${INSTALL}'
INSTALL_STRIP_PROGRAM='$(install_sh) -c -s'
LDFLAGS=''
LIBOBJS=''
LIBS=''
LIBTOOL='$(SHELL) $(top_builddir)/libtool'
LN_S='ln -s'
LTLIBOBJS=''
MAKEINFO='${SHELL} /Users/Woz4tetra/Documents/Code/LMS200/sicktoolbox-1.0.1/misc/missing --run makeinfo'
OBJEXT='o'
PACKAGE='sicktoolbox'
PACKAGE_BUGREPORT='derenick@lehigh.edu'
PACKAGE_NAME='SickToolbox'
PACKAGE_STRING='SickToolbox 1.0.1'
PACKAGE_TARNAME='sicktoolbox'
PACKAGE_VERSION='1.0.1'
PATH_SEPARATOR=':'
PTHREAD_CC='gcc'
PTHREAD_CFLAGS='-D_THREAD_SAFE '
PTHREAD_LIBS=''
RANLIB='ranlib'
SET_MAKE=''
SHELL='/bin/sh'
SICK_LD_SRC_DIR='sickld-1.0'
SICK_LMS_SRC_DIR='sicklms-1.0'
STRIP='strip'
VERSION='1.0.1'
ac_ct_CC='gcc'
ac_ct_CXX='g++'
ac_ct_F77='gfortran'
acx_pthread_config=''
am__fastdepCC_FALSE='#'
am__fastdepCC_TRUE=''
am__fastdepCXX_FALSE='#'
am__fastdepCXX_TRUE=''
am__include='include'
am__isrc=''
am__leading_dot='.'
am__quote=''
am__tar='${AMTAR} chof - "$$tardir"'
am__untar='${AMTAR} xf -'
bindir='${exec_prefix}/bin'
build='i386-apple-darwin16.7.0'
build_alias=''
build_cpu='i386'
build_os='darwin16.7.0'
build_vendor='apple'
datadir='${datarootdir}'
datarootdir='${prefix}/share'
docdir='${datarootdir}/doc/${PACKAGE_TARNAME}'
dvidir='${docdir}'
exec_prefix='${prefix}'
have_gnuplot='no'
host='i386-apple-darwin16.7.0'
host_alias=''
host_cpu='i386'
host_os='darwin16.7.0'
host_vendor='apple'
htmldir='${docdir}'
includedir='${prefix}/include'
infodir='${datarootdir}/info'
install_sh='$(SHELL) /Users/Woz4tetra/Documents/Code/LMS200/sicktoolbox-1.0.1/misc/install-sh'
libdir='${exec_prefix}/lib'
libexecdir='${exec_prefix}/libexec'
localedir='${datarootdir}/locale'
localstatedir='${prefix}/var'
mandir='${datarootdir}/man'
mkdir_p='/usr/local/bin/gmkdir -p'
oldincludedir='/usr/include'
pdfdir='${docdir}'
prefix='/usr/local'
program_transform_name='s,x,x,'
psdir='${docdir}'
sbindir='${exec_prefix}/sbin'
sharedstatedir='${prefix}/com'
sysconfdir='${prefix}/etc'
target_alias=''

## ----------- ##
## confdefs.h. ##
## ----------- ##

#define PACKAGE_NAME "SickToolbox"
#define PACKAGE_TARNAME "sicktoolbox"
#define PACKAGE_VERSION "1.0.1"
#define PACKAGE_STRING "SickToolbox 1.0.1"
#define PACKAGE_BUGREPORT "derenick@lehigh.edu"
#define PACKAGE "sicktoolbox"
#define VERSION "1.0.1"
#define STDC_HEADERS 1
#define HAVE_SYS_TYPES_H 1
#define HAVE_SYS_STAT_H 1
#define HAVE_STDLIB_H 1
#define HAVE_STRING_H 1
#define HAVE_MEMORY_H 1
#define HAVE_STRINGS_H 1
#define HAVE_INTTYPES_H 1
#define HAVE_STDINT_H 1
#define HAVE_UNISTD_H 1
#define HAVE_DLFCN_H 1
#define HAVE_PTHREAD 1
#define STDC_HEADERS 1
#define HAVE_ARPA_INET_H 1
#define HAVE_FCNTL_H 1
#define HAVE_NETINET_IN_H 1
#define HAVE_STRING_H 1
#define HAVE_SYS_IOCTL_H 1
#define HAVE_SYS_SOCKET_H 1
#define HAVE_SYS_TIME_H 1
#define HAVE_TERMIOS_H 1
#define HAVE_UNISTD_H 1
#define HAVE__BOOL 1
#define HAVE_STDBOOL_H 1
#define TIME_WITH_SYS_TIME 1
#define HAVE_SYS_SELECT_H 1
#define HAVE_SYS_SOCKET_H 1
#define SELECT_TYPE_ARG1 int
#define SELECT_TYPE_ARG234 (fd_set *)
#define SELECT_TYPE_ARG5 (struct timeval *)
#define RETSIGTYPE void
#define HAVE_GETTIMEOFDAY 1
#define HAVE_MEMSET 1
#define HAVE_SELECT 1
#define HAVE_SOCKET 1
#define HAVE_STRCASECMP 1

configure: exit 0
